
*** Running vivado
    with args -log UART_top.vds -m64 -product Vivado -mode batch -messageDb vivado.pb -notrace -source UART_top.tcl



****** Vivado v2024.1 (64-bit)
  **** SW Build 5076996 on Wed May 22 18:37:14 MDT 2024
  **** IP Build 5075265 on Wed May 22 21:45:21 MDT 2024
  **** SharedData Build 5076995 on Wed May 22 18:29:18 MDT 2024
  **** Start of session at: Wed Dec 11 15:46:11 2024
    ** Copyright 1986-2022 Xilinx, Inc. All Rights Reserved.
    ** Copyright 2022-2024 Advanced Micro Devices, Inc. All Rights Reserved.

source UART_top.tcl -notrace
create_project: Time (s): cpu = 00:00:10 ; elapsed = 00:00:14 . Memory (MB): peak = 506.582 ; gain = 198.090
Command: read_checkpoint -auto_incremental -incremental {C:/Users/Admin/ECEN340Vivado/UARTLab - Copy/uartputtytransmission/UARTLab/UARTLab.srcs/utils_1/imports/synth_1/UART_top.dcp}
INFO: [Vivado 12-5825] Read reference checkpoint from C:/Users/Admin/ECEN340Vivado/UARTLab - Copy/uartputtytransmission/UARTLab/UARTLab.srcs/utils_1/imports/synth_1/UART_top.dcp for incremental synthesis
INFO: [Vivado 12-7989] Please ensure there are no constraint changes
Command: synth_design -top UART_top -part xc7a35tcpg236-1
Starting synth_design
Attempting to get a license for feature 'Synthesis' and/or device 'xc7a35t'
INFO: [Common 17-349] Got license for feature 'Synthesis' and/or device 'xc7a35t'
INFO: [Device 21-403] Loading part xc7a35tcpg236-1
INFO: [Device 21-9227] Part: xc7a35tcpg236-1 does not have CEAM library.
INFO: [Designutils 20-5440] No compile time benefit to using incremental synthesis; A full resynthesis will be run
INFO: [Designutils 20-4379] Flow is switching to default flow due to incremental criteria not met. If you would like to alter this behaviour and have the flow terminate instead, please set the following parameter config_implementation {autoIncr.Synth.RejectBehavior Terminate}
INFO: [Synth 8-7079] Multithreading enabled for synth_design using a maximum of 2 processes.
INFO: [Synth 8-7078] Launching helper process for spawning children vivado processes
INFO: [Synth 8-7075] Helper process launched with PID 15016
---------------------------------------------------------------------------------
Starting RTL Elaboration : Time (s): cpu = 00:00:09 ; elapsed = 00:00:10 . Memory (MB): peak = 1360.102 ; gain = 449.449
---------------------------------------------------------------------------------
INFO: [Synth 8-11241] undeclared symbol 'receive_state_output', assumed default net type 'wire' [C:/Users/Admin/ECEN340Vivado/UARTLab - Copy/uartputtytransmission/UARTLab/UARTLab.srcs/sources_1/new/Receive.v:47]
INFO: [Synth 8-11241] undeclared symbol 'baud_clk_x2', assumed default net type 'wire' [C:/Users/Admin/ECEN340Vivado/UARTLab - Copy/uartputtytransmission/UARTLab/UARTLab.srcs/sources_1/new/Receive.v:50]
INFO: [Synth 8-6157] synthesizing module 'UART_top' [C:/Users/Admin/ECEN340Vivado/UARTLab - Copy/uartputtytransmission/UARTLab/UARTLab.srcs/sources_1/new/UART_top.v:23]
INFO: [Synth 8-6157] synthesizing module 'clk_gen2' [C:/Users/Admin/ECEN340Vivado/UARTLab - Copy/uartputtytransmission/UARTLab/UARTLab.srcs/sources_1/new/clkgen.v:46]
INFO: [Synth 8-6155] done synthesizing module 'clk_gen2' (0#1) [C:/Users/Admin/ECEN340Vivado/UARTLab - Copy/uartputtytransmission/UARTLab/UARTLab.srcs/sources_1/new/clkgen.v:46]
INFO: [Synth 8-6157] synthesizing module 'Transmit' [C:/Users/Admin/ECEN340Vivado/UARTLab - Copy/uartputtytransmission/UARTLab/UARTLab.srcs/sources_1/new/Transmit.v:23]
INFO: [Synth 8-6155] done synthesizing module 'Transmit' (0#1) [C:/Users/Admin/ECEN340Vivado/UARTLab - Copy/uartputtytransmission/UARTLab/UARTLab.srcs/sources_1/new/Transmit.v:23]
INFO: [Synth 8-6157] synthesizing module 'Receive' [C:/Users/Admin/ECEN340Vivado/UARTLab - Copy/uartputtytransmission/UARTLab/UARTLab.srcs/sources_1/new/Receive.v:23]
INFO: [Synth 8-6157] synthesizing module 'Oversample_clk' [C:/Users/Admin/ECEN340Vivado/UARTLab - Copy/uartputtytransmission/UARTLab/UARTLab.srcs/sources_1/new/clkgen.v:70]
INFO: [Synth 8-6155] done synthesizing module 'Oversample_clk' (0#1) [C:/Users/Admin/ECEN340Vivado/UARTLab - Copy/uartputtytransmission/UARTLab/UARTLab.srcs/sources_1/new/clkgen.v:70]
INFO: [Synth 8-6155] done synthesizing module 'Receive' (0#1) [C:/Users/Admin/ECEN340Vivado/UARTLab - Copy/uartputtytransmission/UARTLab/UARTLab.srcs/sources_1/new/Receive.v:23]
INFO: [Synth 8-6157] synthesizing module 'sseg_x4_top' [C:/Users/Admin/ECEN340Vivado/UARTLab - Copy/uartputtytransmission/UARTLab/UARTLab.srcs/sources_1/new/sseg_x4_top_.v:23]
INFO: [Synth 8-6157] synthesizing module 'digit_selector' [C:/Users/Admin/ECEN340Vivado/UARTLab - Copy/uartputtytransmission/UARTLab/UARTLab.srcs/sources_1/new/digit_sel.v:23]
INFO: [Synth 8-226] default block is never used [C:/Users/Admin/ECEN340Vivado/UARTLab - Copy/uartputtytransmission/UARTLab/UARTLab.srcs/sources_1/new/digit_sel.v:36]
INFO: [Synth 8-6155] done synthesizing module 'digit_selector' (0#1) [C:/Users/Admin/ECEN340Vivado/UARTLab - Copy/uartputtytransmission/UARTLab/UARTLab.srcs/sources_1/new/digit_sel.v:23]
INFO: [Synth 8-6157] synthesizing module 'hex_num_gen' [C:/Users/Admin/ECEN340Vivado/UARTLab - Copy/uartputtytransmission/UARTLab/UARTLab.srcs/sources_1/new/sseg_x4_top_.v:51]
INFO: [Synth 8-155] case statement is not full and has no default [C:/Users/Admin/ECEN340Vivado/UARTLab - Copy/uartputtytransmission/UARTLab/UARTLab.srcs/sources_1/new/sseg_x4_top_.v:57]
INFO: [Synth 8-6155] done synthesizing module 'hex_num_gen' (0#1) [C:/Users/Admin/ECEN340Vivado/UARTLab - Copy/uartputtytransmission/UARTLab/UARTLab.srcs/sources_1/new/sseg_x4_top_.v:51]
INFO: [Synth 8-6157] synthesizing module 'Single7Seg' [C:/Users/Admin/ECEN340Vivado/UARTLab - Copy/uartputtytransmission/UARTLab/UARTLab.srcs/sources_1/new/single_sseg.v:1]
INFO: [Synth 8-226] default block is never used [C:/Users/Admin/ECEN340Vivado/UARTLab - Copy/uartputtytransmission/UARTLab/UARTLab.srcs/sources_1/new/single_sseg.v:10]
INFO: [Synth 8-6155] done synthesizing module 'Single7Seg' (0#1) [C:/Users/Admin/ECEN340Vivado/UARTLab - Copy/uartputtytransmission/UARTLab/UARTLab.srcs/sources_1/new/single_sseg.v:1]
INFO: [Synth 8-6155] done synthesizing module 'sseg_x4_top' (0#1) [C:/Users/Admin/ECEN340Vivado/UARTLab - Copy/uartputtytransmission/UARTLab/UARTLab.srcs/sources_1/new/sseg_x4_top_.v:23]
WARNING: [Synth 8-689] width (8) of port connection 'sw' does not match port width (16) of module 'sseg_x4_top' [C:/Users/Admin/ECEN340Vivado/UARTLab - Copy/uartputtytransmission/UARTLab/UARTLab.srcs/sources_1/new/UART_top.v:45]
INFO: [Synth 8-6155] done synthesizing module 'UART_top' (0#1) [C:/Users/Admin/ECEN340Vivado/UARTLab - Copy/uartputtytransmission/UARTLab/UARTLab.srcs/sources_1/new/UART_top.v:23]
WARNING: [Synth 8-6014] Unused sequential element prev_RX_reg was removed.  [C:/Users/Admin/ECEN340Vivado/UARTLab - Copy/uartputtytransmission/UARTLab/UARTLab.srcs/sources_1/new/Receive.v:55]
WARNING: [Synth 8-7129] Port sw[15] in module UART_top is either unconnected or has no load
WARNING: [Synth 8-7129] Port sw[14] in module UART_top is either unconnected or has no load
WARNING: [Synth 8-7129] Port sw[13] in module UART_top is either unconnected or has no load
WARNING: [Synth 8-7129] Port sw[12] in module UART_top is either unconnected or has no load
WARNING: [Synth 8-7129] Port sw[11] in module UART_top is either unconnected or has no load
WARNING: [Synth 8-7129] Port sw[10] in module UART_top is either unconnected or has no load
WARNING: [Synth 8-7129] Port sw[9] in module UART_top is either unconnected or has no load
WARNING: [Synth 8-7129] Port sw[8] in module UART_top is either unconnected or has no load
---------------------------------------------------------------------------------
Finished RTL Elaboration : Time (s): cpu = 00:00:12 ; elapsed = 00:00:14 . Memory (MB): peak = 1471.312 ; gain = 560.660
---------------------------------------------------------------------------------
---------------------------------------------------------------------------------
Start Handling Custom Attributes
---------------------------------------------------------------------------------
---------------------------------------------------------------------------------
Finished Handling Custom Attributes : Time (s): cpu = 00:00:12 ; elapsed = 00:00:14 . Memory (MB): peak = 1471.312 ; gain = 560.660
---------------------------------------------------------------------------------
---------------------------------------------------------------------------------
Finished RTL Optimization Phase 1 : Time (s): cpu = 00:00:12 ; elapsed = 00:00:14 . Memory (MB): peak = 1471.312 ; gain = 560.660
---------------------------------------------------------------------------------
Netlist sorting complete. Time (s): cpu = 00:00:00 ; elapsed = 00:00:00.003 . Memory (MB): peak = 1471.312 ; gain = 0.000
INFO: [Project 1-570] Preparing netlist for logic optimization

Processing XDC Constraints
Initializing timing engine
Parsing XDC File [C:/Users/Admin/ECEN340Vivado/UARTLab - Copy/uartputtytransmission/UARTLab/UARTLab.srcs/constrs_1/new/constraints.xdc]
Finished Parsing XDC File [C:/Users/Admin/ECEN340Vivado/UARTLab - Copy/uartputtytransmission/UARTLab/UARTLab.srcs/constrs_1/new/constraints.xdc]
INFO: [Project 1-236] Implementation specific constraints were found while reading constraint file [C:/Users/Admin/ECEN340Vivado/UARTLab - Copy/uartputtytransmission/UARTLab/UARTLab.srcs/constrs_1/new/constraints.xdc]. These constraints will be ignored for synthesis but will be used in implementation. Impacted constraints are listed in the file [.Xil/UART_top_propImpl.xdc].
Resolution: To avoid this warning, move constraints listed in [.Xil/UART_top_propImpl.xdc] to another XDC file and exclude this new file from synthesis with the used_in_synthesis property (File Properties dialog in GUI) and re-run elaboration/synthesis.
Completed Processing XDC Constraints

Netlist sorting complete. Time (s): cpu = 00:00:00 ; elapsed = 00:00:00 . Memory (MB): peak = 1574.965 ; gain = 0.000
INFO: [Project 1-111] Unisim Transformation Summary:
No Unisim elements were transformed.

Constraint Validation Runtime : Time (s): cpu = 00:00:00 ; elapsed = 00:00:00.005 . Memory (MB): peak = 1574.965 ; gain = 0.000
INFO: [Designutils 20-5440] No compile time benefit to using incremental synthesis; A full resynthesis will be run
INFO: [Designutils 20-4379] Flow is switching to default flow due to incremental criteria not met. If you would like to alter this behaviour and have the flow terminate instead, please set the following parameter config_implementation {autoIncr.Synth.RejectBehavior Terminate}
---------------------------------------------------------------------------------
Finished Constraint Validation : Time (s): cpu = 00:00:24 ; elapsed = 00:00:26 . Memory (MB): peak = 1574.965 ; gain = 664.312
---------------------------------------------------------------------------------
---------------------------------------------------------------------------------
Start Loading Part and Timing Information
---------------------------------------------------------------------------------
Loading part: xc7a35tcpg236-1
---------------------------------------------------------------------------------
Finished Loading Part and Timing Information : Time (s): cpu = 00:00:25 ; elapsed = 00:00:26 . Memory (MB): peak = 1574.965 ; gain = 664.312
---------------------------------------------------------------------------------
---------------------------------------------------------------------------------
Start Applying 'set_property' XDC Constraints
---------------------------------------------------------------------------------
---------------------------------------------------------------------------------
Finished applying 'set_property' XDC Constraints : Time (s): cpu = 00:00:25 ; elapsed = 00:00:26 . Memory (MB): peak = 1574.965 ; gain = 664.312
---------------------------------------------------------------------------------
INFO: [Synth 8-802] inferred FSM for state register 'state_reg' in module 'Transmit'
INFO: [Synth 8-802] inferred FSM for state register 'state_reg' in module 'Receive'
---------------------------------------------------------------------------------------------------
                   State |                     New Encoding |                Previous Encoding 
---------------------------------------------------------------------------------------------------
                    IDLE |                             0001 |                               00
                   START |                             0010 |                               01
                    DATA |                             0100 |                               10
                    STOP |                             1000 |                               11
---------------------------------------------------------------------------------------------------
INFO: [Synth 8-3354] encoded FSM with state register 'state_reg' using encoding 'one-hot' in module 'Transmit'
---------------------------------------------------------------------------------------------------
                   State |                     New Encoding |                Previous Encoding 
---------------------------------------------------------------------------------------------------
                    IDLE |                             0001 |                               00
                   BEGIN |                             0010 |                               01
                    DATA |                             0100 |                               10
                    STOP |                             1000 |                               11
---------------------------------------------------------------------------------------------------
INFO: [Synth 8-3354] encoded FSM with state register 'state_reg' using encoding 'one-hot' in module 'Receive'
WARNING: [Synth 8-327] inferring latch for variable 'hex_num_reg' [C:/Users/Admin/ECEN340Vivado/UARTLab - Copy/uartputtytransmission/UARTLab/UARTLab.srcs/sources_1/new/sseg_x4_top_.v:58]
---------------------------------------------------------------------------------
Finished RTL Optimization Phase 2 : Time (s): cpu = 00:00:25 ; elapsed = 00:00:27 . Memory (MB): peak = 1574.965 ; gain = 664.312
---------------------------------------------------------------------------------
---------------------------------------------------------------------------------
Start RTL Component Statistics 
---------------------------------------------------------------------------------
Detailed RTL Component Info : 
+---Adders : 
	   2 Input    9 Bit       Adders := 2     
	   2 Input    8 Bit       Adders := 1     
	   2 Input    6 Bit       Adders := 1     
	   2 Input    4 Bit       Adders := 3     
	   2 Input    3 Bit       Adders := 1     
	   2 Input    2 Bit       Adders := 1     
+---Registers : 
	               11 Bit    Registers := 2     
	                9 Bit    Registers := 1     
	                8 Bit    Registers := 3     
	                6 Bit    Registers := 1     
	                4 Bit    Registers := 3     
	                3 Bit    Registers := 1     
	                2 Bit    Registers := 1     
	                1 Bit    Registers := 10    
+---Muxes : 
	   2 Input    9 Bit        Muxes := 2     
	   4 Input    8 Bit        Muxes := 2     
	   2 Input    8 Bit        Muxes := 2     
	   2 Input    4 Bit        Muxes := 2     
	   4 Input    4 Bit        Muxes := 3     
	   2 Input    1 Bit        Muxes := 10    
	   4 Input    1 Bit        Muxes := 7     
	   3 Input    1 Bit        Muxes := 1     
	   5 Input    1 Bit        Muxes := 1     
---------------------------------------------------------------------------------
Finished RTL Component Statistics 
---------------------------------------------------------------------------------
---------------------------------------------------------------------------------
Start Part Resource Summary
---------------------------------------------------------------------------------
Part Resources:
DSPs: 90 (col length:60)
BRAMs: 100 (col length: RAMB18 60 RAMB36 30)
---------------------------------------------------------------------------------
Finished Part Resource Summary
---------------------------------------------------------------------------------
---------------------------------------------------------------------------------
Start Cross Boundary and Area Optimization
---------------------------------------------------------------------------------
WARNING: [Synth 8-7080] Parallel synthesis criteria is not met
WARNING: [Synth 8-3917] design UART_top has port dp driven by constant 1
WARNING: [Synth 8-7129] Port sw[15] in module UART_top is either unconnected or has no load
WARNING: [Synth 8-7129] Port sw[14] in module UART_top is either unconnected or has no load
WARNING: [Synth 8-7129] Port sw[13] in module UART_top is either unconnected or has no load
WARNING: [Synth 8-7129] Port sw[12] in module UART_top is either unconnected or has no load
WARNING: [Synth 8-7129] Port sw[11] in module UART_top is either unconnected or has no load
WARNING: [Synth 8-7129] Port sw[10] in module UART_top is either unconnected or has no load
WARNING: [Synth 8-7129] Port sw[9] in module UART_top is either unconnected or has no load
WARNING: [Synth 8-7129] Port sw[8] in module UART_top is either unconnected or has no load
---------------------------------------------------------------------------------
Finished Cross Boundary and Area Optimization : Time (s): cpu = 00:00:29 ; elapsed = 00:00:31 . Memory (MB): peak = 1574.965 ; gain = 664.312
---------------------------------------------------------------------------------
---------------------------------------------------------------------------------
Start Applying XDC Timing Constraints
---------------------------------------------------------------------------------
---------------------------------------------------------------------------------
Finished Applying XDC Timing Constraints : Time (s): cpu = 00:00:39 ; elapsed = 00:00:41 . Memory (MB): peak = 1574.965 ; gain = 664.312
---------------------------------------------------------------------------------
---------------------------------------------------------------------------------
Start Timing Optimization
---------------------------------------------------------------------------------
---------------------------------------------------------------------------------
Finished Timing Optimization : Time (s): cpu = 00:00:39 ; elapsed = 00:00:41 . Memory (MB): peak = 1574.965 ; gain = 664.312
---------------------------------------------------------------------------------
---------------------------------------------------------------------------------
Start Technology Mapping
---------------------------------------------------------------------------------
WARNING: [Synth 8-3332] Sequential element (displayReceivedData/hex_generator/hex_num_reg[3]) is unused and will be removed from module UART_top.
WARNING: [Synth 8-3332] Sequential element (displayReceivedData/hex_generator/hex_num_reg[2]) is unused and will be removed from module UART_top.
WARNING: [Synth 8-3332] Sequential element (displayReceivedData/hex_generator/hex_num_reg[1]) is unused and will be removed from module UART_top.
WARNING: [Synth 8-3332] Sequential element (displayReceivedData/hex_generator/hex_num_reg[0]) is unused and will be removed from module UART_top.
---------------------------------------------------------------------------------
Finished Technology Mapping : Time (s): cpu = 00:00:39 ; elapsed = 00:00:42 . Memory (MB): peak = 1574.965 ; gain = 664.312
---------------------------------------------------------------------------------
---------------------------------------------------------------------------------
Start IO Insertion
---------------------------------------------------------------------------------
---------------------------------------------------------------------------------
Start Flattening Before IO Insertion
---------------------------------------------------------------------------------
---------------------------------------------------------------------------------
Finished Flattening Before IO Insertion
---------------------------------------------------------------------------------
---------------------------------------------------------------------------------
Start Final Netlist Cleanup
---------------------------------------------------------------------------------
---------------------------------------------------------------------------------
Finished Final Netlist Cleanup
---------------------------------------------------------------------------------
---------------------------------------------------------------------------------
Finished IO Insertion : Time (s): cpu = 00:00:48 ; elapsed = 00:00:50 . Memory (MB): peak = 1574.965 ; gain = 664.312
---------------------------------------------------------------------------------
---------------------------------------------------------------------------------
Start Renaming Generated Instances
---------------------------------------------------------------------------------
---------------------------------------------------------------------------------
Finished Renaming Generated Instances : Time (s): cpu = 00:00:48 ; elapsed = 00:00:50 . Memory (MB): peak = 1574.965 ; gain = 664.312
---------------------------------------------------------------------------------
---------------------------------------------------------------------------------
Start Rebuilding User Hierarchy
---------------------------------------------------------------------------------
---------------------------------------------------------------------------------
Finished Rebuilding User Hierarchy : Time (s): cpu = 00:00:48 ; elapsed = 00:00:50 . Memory (MB): peak = 1574.965 ; gain = 664.312
---------------------------------------------------------------------------------
---------------------------------------------------------------------------------
Start Renaming Generated Ports
---------------------------------------------------------------------------------
---------------------------------------------------------------------------------
Finished Renaming Generated Ports : Time (s): cpu = 00:00:48 ; elapsed = 00:00:50 . Memory (MB): peak = 1574.965 ; gain = 664.312
---------------------------------------------------------------------------------
---------------------------------------------------------------------------------
Start Handling Custom Attributes
---------------------------------------------------------------------------------
---------------------------------------------------------------------------------
Finished Handling Custom Attributes : Time (s): cpu = 00:00:48 ; elapsed = 00:00:50 . Memory (MB): peak = 1574.965 ; gain = 664.312
---------------------------------------------------------------------------------
---------------------------------------------------------------------------------
Start Renaming Generated Nets
---------------------------------------------------------------------------------
---------------------------------------------------------------------------------
Finished Renaming Generated Nets : Time (s): cpu = 00:00:48 ; elapsed = 00:00:50 . Memory (MB): peak = 1574.965 ; gain = 664.312
---------------------------------------------------------------------------------
---------------------------------------------------------------------------------
Start Writing Synthesis Report
---------------------------------------------------------------------------------

Report BlackBoxes: 
+-+--------------+----------+
| |BlackBox name |Instances |
+-+--------------+----------+
+-+--------------+----------+

Report Cell Usage: 
+------+-----+------+
|      |Cell |Count |
+------+-----+------+
|1     |BUFG |     1|
|2     |LUT1 |     4|
|3     |LUT2 |    11|
|4     |LUT3 |    15|
|5     |LUT4 |    35|
|6     |LUT5 |    37|
|7     |LUT6 |    19|
|8     |FDCE |    37|
|9     |FDPE |     1|
|10    |FDRE |    46|
|11    |FDSE |     7|
|12    |IBUF |    12|
|13    |OBUF |    21|
+------+-----+------+
---------------------------------------------------------------------------------
Finished Writing Synthesis Report : Time (s): cpu = 00:00:48 ; elapsed = 00:00:50 . Memory (MB): peak = 1574.965 ; gain = 664.312
---------------------------------------------------------------------------------
Synthesis finished with 0 errors, 0 critical warnings and 15 warnings.
Synthesis Optimization Runtime : Time (s): cpu = 00:00:33 ; elapsed = 00:00:47 . Memory (MB): peak = 1574.965 ; gain = 560.660
Synthesis Optimization Complete : Time (s): cpu = 00:00:48 ; elapsed = 00:00:51 . Memory (MB): peak = 1574.965 ; gain = 664.312
INFO: [Project 1-571] Translating synthesized netlist
Netlist sorting complete. Time (s): cpu = 00:00:00 ; elapsed = 00:00:00.002 . Memory (MB): peak = 1574.965 ; gain = 0.000
INFO: [Project 1-570] Preparing netlist for logic optimization
INFO: [Opt 31-138] Pushed 0 inverter(s) to 0 load pin(s).
Netlist sorting complete. Time (s): cpu = 00:00:00 ; elapsed = 00:00:00 . Memory (MB): peak = 1574.965 ; gain = 0.000
INFO: [Project 1-111] Unisim Transformation Summary:
No Unisim elements were transformed.

Synth Design complete | Checksum: 14d19d83
INFO: [Common 17-83] Releasing license: Synthesis
47 Infos, 25 Warnings, 0 Critical Warnings and 0 Errors encountered.
synth_design completed successfully
synth_design: Time (s): cpu = 00:00:56 ; elapsed = 00:01:11 . Memory (MB): peak = 1574.965 ; gain = 1063.859
Write ShapeDB Complete: Time (s): cpu = 00:00:00 ; elapsed = 00:00:00.002 . Memory (MB): peak = 1574.965 ; gain = 0.000
INFO: [Common 17-1381] The checkpoint 'C:/Users/Admin/ECEN340Vivado/UARTLab - Copy/uartputtytransmission/UARTLab/UARTLab.runs/synth_1/UART_top.dcp' has been generated.
INFO: [Vivado 12-24828] Executing command : report_utilization -file UART_top_utilization_synth.rpt -pb UART_top_utilization_synth.pb
INFO: [Common 17-206] Exiting Vivado at Wed Dec 11 15:47:47 2024...
